[34m[1mtrain: [0mweights=yolov5s.pt, cfg=, data=data/full_cs.yaml, hyp=data/hyps/hyp.scratch.yaml, epochs=300, batch_size=16, imgsz=640, rect=False, resume=False, nosave=False, noval=False, noautoanchor=False, evolve=None, bucket=, cache=None, image_weights=False, device=, multi_scale=False, single_cls=False, adam=False, sync_bn=False, workers=8, project=runs/train, entity=None, name=exp_a=orig_yolo_d=full_cs_b=d_e=300, exist_ok=True, quad=False, linear_lr=False, label_smoothing=0.0, upload_dataset=False, bbox_interval=-1, save_period=-1, artifact_alias=latest, local_rank=-1, freeze=0, patience=100
[34m[1mgithub: [0mskipping check (not a git repository), for updates see https://github.com/ultralytics/yolov5
[34m[1mWeights & Biases: [0mrun 'pip install wandb' to automatically track and visualize YOLOv5  runs (RECOMMENDED)
Plotting labels... 

[34m[1mautoanchor: [0mAnalyzing anchors... anchors/target = 6.03, Best Possible Recall (BPR) = 1.0000
                 all         20        227    0.00292    0.00995    0.00111   0.000141
                 all         20        227     0.0029     0.0249    0.00129   0.000183
                 all         20        227    0.00362     0.0299    0.00156   0.000322
                 all         20        227    0.00532     0.0423    0.00201   0.000425
                 all         20        227    0.00652     0.0373    0.00285   0.000529
                 all         20        227     0.0078     0.0473    0.00329   0.000674
                 all         20        227    0.00899     0.0597    0.00406   0.000751
                 all         20        227     0.0106     0.0746    0.00496   0.000901
                 all         20        227     0.0169     0.0547    0.00667    0.00122
                 all         20        227     0.0252     0.0348    0.00842    0.00147
                 all         20        227     0.0397     0.0323     0.0107    0.00198
                 all         20        227     0.0602     0.0299     0.0103    0.00206
                 all         20        227     0.0403     0.0323     0.0109    0.00227
                 all         20        227     0.0543     0.0323     0.0126    0.00249
                 all         20        227     0.0443     0.0672     0.0187    0.00362
                 all         20        227     0.0527     0.0796     0.0277     0.0054
                 all         20        227      0.111     0.0705     0.0412    0.00736
                 all         20        227      0.136     0.0796     0.0553      0.011
                 all         20        227     0.0929      0.109     0.0667     0.0134
                 all         20        227      0.114      0.092     0.0693     0.0149
                 all         20        227      0.645     0.0945     0.0792     0.0184
                 all         20        227      0.108      0.139      0.079     0.0179
                 all         20        227      0.599      0.157     0.0774     0.0157
                 all         20        227      0.624      0.114     0.0741     0.0132
                 all         20        227      0.643      0.117     0.0953     0.0174
                 all         20        227      0.675      0.134     0.0988     0.0223
                 all         20        227      0.664      0.129      0.102     0.0255
                 all         20        227      0.755      0.132      0.145     0.0397
                 all         20        227       0.68      0.162      0.131     0.0318
                 all         20        227      0.713      0.172      0.155     0.0412
                 all         20        227      0.697      0.192      0.161     0.0413
                 all         20        227      0.692      0.197      0.164     0.0353
                 all         20        227      0.723      0.177      0.164     0.0419
                 all         20        227      0.696      0.187      0.154     0.0343
                 all         20        227      0.685      0.224      0.162      0.038
                 all         20        227      0.697      0.226      0.166     0.0378
                 all         20        227      0.728      0.184      0.172      0.042
                 all         20        227      0.725      0.226        0.2      0.049
                 all         20        227      0.747      0.197        0.2     0.0431
                 all         20        227       0.75      0.234      0.217     0.0535
                 all         20        227      0.786      0.187      0.187     0.0452
                 all         20        227      0.718      0.256      0.201     0.0514
                 all         20        227      0.665      0.251      0.146     0.0327
                 all         20        227      0.676      0.296      0.171     0.0382
                 all         20        227      0.747      0.219      0.201     0.0576
                 all         20        227      0.685      0.254      0.159     0.0345
                 all         20        227      0.723      0.249      0.193     0.0514
                 all         20        227        0.7      0.276      0.178     0.0412
                 all         20        227      0.717      0.284      0.232      0.061
                 all         20        227      0.697      0.269      0.179     0.0364
                 all         20        227      0.691      0.226      0.162     0.0352
                 all         20        227       0.71      0.234      0.186     0.0438
                 all         20        227      0.655      0.211      0.146     0.0325
                 all         20        227      0.677      0.201      0.164      0.036
                 all         20        227      0.686      0.343       0.22     0.0572
                 all         20        227      0.681      0.296      0.192     0.0426
                 all         20        227      0.681      0.328      0.194      0.047
                 all         20        227      0.731      0.214      0.195     0.0526
                 all         20        227      0.718      0.269      0.237     0.0669
                 all         20        227      0.708      0.235      0.216     0.0499
                 all         20        227      0.713      0.249      0.202     0.0494
                 all         20        227      0.768      0.246      0.239     0.0677
                 all         20        227      0.743      0.211      0.195     0.0459
                 all         20        227      0.716      0.258      0.204     0.0548
                 all         20        227      0.716      0.274       0.19     0.0461
                 all         20        227      0.674      0.211      0.149     0.0301
                 all         20        227      0.655      0.318      0.163     0.0347
                 all         20        227      0.799      0.226      0.259     0.0698
                 all         20        227      0.678      0.264      0.167     0.0352
                 all         20        227      0.703      0.306      0.213     0.0464
                 all         20        227       0.71      0.286       0.19     0.0459
                 all         20        227      0.741      0.303      0.242     0.0597
                 all         20        227      0.689      0.298      0.194      0.047
                 all         20        227      0.607      0.192     0.0918     0.0238
                 all         20        227      0.657      0.273      0.185     0.0468
                 all         20        227      0.687      0.271      0.175     0.0435
                 all         20        227      0.731      0.226      0.216     0.0502
                 all         20        227      0.725      0.274       0.21      0.056
                 all         20        227      0.701      0.266      0.216     0.0538
                 all         20        227      0.723      0.266      0.223     0.0538
                 all         20        227      0.709      0.259        0.2     0.0522
                 all         20        227      0.675      0.299      0.216     0.0654
                 all         20        227      0.777      0.279      0.263     0.0734
                 all         20        227      0.766      0.276      0.258     0.0705
                 all         20        227      0.751      0.224      0.225     0.0577
                 all         20        227      0.717      0.261      0.227     0.0623
                 all         20        227      0.777      0.241      0.227     0.0558
                 all         20        227      0.831      0.268      0.276     0.0836
                 all         20        227      0.777      0.303      0.258     0.0702
                 all         20        227      0.696      0.303      0.186       0.04
                 all         20        227      0.774      0.298      0.257     0.0674
                 all         20        227      0.666      0.271      0.138     0.0261
                 all         20        227      0.702      0.276      0.197     0.0527
                 all         20        227      0.738      0.249       0.19     0.0442
                 all         20        227      0.753      0.254      0.234      0.068
                 all         20        227      0.741      0.289      0.232     0.0596
                 all         20        227      0.726      0.282      0.214      0.051
                 all         20        227      0.734      0.266      0.213     0.0554
                 all         20        227      0.701      0.291      0.211      0.064
                 all         20        227      0.765      0.288      0.259     0.0774
                 all         20        227      0.747      0.316      0.247     0.0748
                 all         20        227      0.739      0.298      0.251     0.0726
                 all         20        227      0.704      0.289       0.21      0.057
                 all         20        227      0.772      0.296      0.271     0.0809
                 all         20        227      0.744      0.296      0.238     0.0678
                 all         20        227      0.712      0.284      0.199     0.0476
                 all         20        227      0.748      0.256      0.235     0.0612
                 all         20        227      0.773      0.271      0.248     0.0679
                 all         20        227      0.731      0.288       0.23     0.0623
                 all         20        227      0.767      0.216      0.202     0.0491
                 all         20        227       0.73      0.299      0.235     0.0666
                 all         20        227      0.727      0.246      0.206     0.0495
                 all         20        227      0.796      0.299      0.279     0.0821
                 all         20        227      0.753      0.281      0.224     0.0592
                 all         20        227      0.749      0.353      0.255     0.0823
                 all         20        227      0.748      0.278      0.216      0.058
                 all         20        227      0.764      0.321      0.276     0.0838
                 all         20        227      0.766      0.318      0.264     0.0721
                 all         20        227      0.732      0.308      0.238     0.0715
                 all         20        227      0.754      0.301      0.244     0.0733
                 all         20        227      0.763      0.271      0.254     0.0737
                 all         20        227      0.823      0.269       0.29     0.0942
                 all         20        227      0.809      0.298      0.288      0.088
                 all         20        227      0.748      0.286       0.25     0.0804
                 all         20        227      0.771      0.318      0.277      0.091
                 all         20        227      0.732      0.192      0.179     0.0423
                 all         20        227      0.182      0.223      0.106     0.0252
                 all         20        227      0.162       0.29      0.123      0.031
                 all         20        227       0.29       0.33      0.217     0.0592
                 all         20        227      0.746      0.294      0.244     0.0776
                 all         20        227       0.83      0.256      0.279     0.0953
                 all         20        227      0.278      0.311      0.275     0.0956
                 all         20        227      0.727      0.281      0.216     0.0536
                 all         20        227      0.266      0.226      0.229     0.0718
                 all         20        227      0.239      0.261      0.231     0.0629
                 all         20        227      0.175      0.328      0.206     0.0529
                 all         20        227      0.303      0.241      0.262     0.0776
                 all         20        227      0.266      0.274      0.257     0.0794
                 all         20        227      0.332       0.35      0.202     0.0595
                 all         20        227      0.229      0.403      0.243     0.0645
                 all         20        227      0.779      0.266      0.275     0.0823
                 all         20        227      0.734      0.301      0.231     0.0632
                 all         20        227      0.269      0.266      0.273      0.086
                 all         20        227      0.789      0.286      0.259     0.0809
                 all         20        227      0.251      0.295        0.2     0.0419
                 all         20        227      0.269      0.349      0.259     0.0708
                 all         20        227      0.332      0.291      0.301      0.103
                 all         20        227      0.241      0.318      0.241     0.0739
                 all         20        227      0.316      0.296      0.307      0.105
                 all         20        227      0.806      0.271      0.267     0.0899
                 all         20        227      0.337      0.313      0.235     0.0734
                 all         20        227      0.453      0.265      0.272     0.0899
                 all         20        227      0.289      0.301      0.287     0.0984
                 all         20        227      0.292      0.269      0.243     0.0646
                 all         20        227      0.298      0.305      0.273     0.0897
                 all         20        227      0.316      0.299      0.293     0.0932
                 all         20        227      0.801      0.267      0.246      0.069
                 all         20        227      0.341      0.305        0.3     0.0974
                 all         20        227      0.329      0.303      0.288     0.0887
                 all         20        227      0.296      0.315      0.267     0.0718
                 all         20        227      0.273       0.33      0.266     0.0891
                 all         20        227      0.311      0.303      0.294      0.107
                 all         20        227      0.305      0.273       0.22     0.0673
                 all         20        227      0.384       0.28      0.255     0.0843
                 all         20        227      0.262      0.318      0.274      0.101
                 all         20        227      0.311      0.285      0.248     0.0755
                 all         20        227      0.442      0.265        0.3        0.1
                 all         20        227      0.356       0.31      0.295     0.0951
                 all         20        227      0.243      0.313      0.261      0.085
                 all         20        227      0.303      0.347      0.304      0.113
                 all         20        227      0.304      0.318      0.305      0.105
                 all         20        227      0.284      0.353        0.3     0.0955
                 all         20        227      0.303      0.323      0.304      0.114
                 all         20        227      0.339      0.264      0.293      0.108
                 all         20        227      0.364      0.313      0.253     0.0765
                 all         20        227      0.421      0.265      0.292     0.0973
                 all         20        227      0.286      0.345       0.28      0.102
                 all         20        227       0.24      0.328      0.259     0.0861
                 all         20        227      0.311       0.33      0.296      0.107
                 all         20        227      0.353      0.264      0.291     0.0939
                 all         20        227      0.213      0.355      0.249     0.0778
                 all         20        227      0.329      0.289      0.296      0.106
                 all         20        227      0.295      0.326      0.293     0.0923
                 all         20        227      0.308      0.303      0.264     0.0884
                 all         20        227      0.314      0.286       0.29      0.103
                 all         20        227      0.353      0.289      0.312      0.106
                 all         20        227      0.312      0.268      0.274     0.0875
                 all         20        227      0.325      0.269      0.286     0.0954
                 all         20        227      0.341      0.301      0.323      0.115
                 all         20        227      0.224      0.289      0.231       0.08
                 all         20        227      0.332      0.291       0.29      0.102
                 all         20        227      0.311      0.294      0.309      0.107
                 all         20        227      0.296      0.303      0.299      0.103
                 all         20        227      0.344      0.286      0.311      0.114
                 all         20        227      0.391      0.269       0.32      0.117
                 all         20        227      0.276      0.335      0.286     0.0919
                 all         20        227      0.396      0.313      0.327      0.111
                 all         20        227      0.814      0.291      0.306      0.106
                 all         20        227       0.29      0.321      0.296     0.0949
                 all         20        227      0.303      0.311      0.299      0.107
                 all         20        227      0.293      0.328      0.297     0.0991
                 all         20        227       0.34        0.3      0.298      0.103
                 all         20        227      0.343      0.288      0.305      0.112
                 all         20        227      0.356      0.288      0.299       0.11
                 all         20        227      0.313      0.298      0.286        0.1
                 all         20        227      0.327      0.313       0.31      0.119
                 all         20        227      0.333      0.273       0.29      0.105
                 all         20        227      0.401      0.264      0.318      0.119
                 all         20        227      0.351      0.281      0.304      0.114
                 all         20        227      0.336      0.281      0.308      0.119
                 all         20        227      0.331      0.289      0.313      0.124
                 all         20        227      0.304      0.323       0.31      0.122
                 all         20        227      0.283      0.315      0.293      0.112
                 all         20        227       0.31      0.281      0.297       0.12
                 all         20        227       0.32      0.276      0.284      0.106
                 all         20        227       0.34      0.276      0.291      0.116
                 all         20        227       0.35      0.279      0.305       0.12
                 all         20        227      0.331      0.269      0.297      0.116
                 all         20        227      0.345      0.299      0.305      0.121
                 all         20        227      0.314      0.332        0.3      0.116
                 all         20        227      0.263      0.349      0.268      0.101
                 all         20        227      0.286      0.356      0.278      0.105
                 all         20        227      0.293      0.354      0.302      0.113
                 all         20        227      0.343      0.229      0.267      0.097
                 all         20        227      0.305      0.298      0.291      0.116
                 all         20        227      0.299      0.332      0.284      0.103
                 all         20        227      0.309      0.376      0.305      0.119
                 all         20        227      0.287      0.338      0.265     0.0924
                 all         20        227       0.34      0.303      0.309      0.115
                 all         20        227        0.3      0.288       0.27     0.0964
                 all         20        227      0.328      0.315      0.303      0.113
                 all         20        227      0.307      0.303      0.284      0.109
                 all         20        227      0.327      0.318      0.295      0.109
                 all         20        227      0.312      0.313      0.302      0.113
                 all         20        227        0.3      0.308      0.295      0.112
                 all         20        227       0.32      0.318      0.305      0.114
                 all         20        227      0.318      0.307      0.298      0.112
                 all         20        227      0.325      0.303      0.299      0.107
                 all         20        227      0.332      0.308      0.297      0.112
                 all         20        227      0.314       0.29       0.28      0.106
                 all         20        227      0.306      0.323      0.303      0.115
                 all         20        227      0.322      0.313      0.294      0.113
                 all         20        227      0.331      0.315        0.3      0.119
                 all         20        227      0.307       0.29      0.266     0.0917
                 all         20        227      0.346      0.308      0.306      0.124
                 all         20        227      0.329        0.3      0.297      0.114
                 all         20        227      0.341       0.31      0.307      0.123
                 all         20        227       0.34      0.295      0.295      0.116
                 all         20        227      0.347      0.303      0.304      0.118
                 all         20        227      0.317      0.315      0.289      0.106
                 all         20        227      0.337      0.342      0.317      0.124
                 all         20        227      0.367       0.29      0.294      0.105
                 all         20        227      0.344      0.264      0.289      0.117
                 all         20        227      0.362      0.249      0.289       0.11
                 all         20        227      0.285      0.357      0.307      0.125
                 all         20        227      0.306      0.337        0.3      0.114
                 all         20        227      0.309      0.339      0.302      0.119
                 all         20        227      0.407      0.251      0.307       0.12
                 all         20        227      0.316      0.333      0.313      0.123
                 all         20        227      0.264      0.365      0.284      0.111
                 all         20        227      0.292      0.376      0.309      0.117
                 all         20        227      0.299      0.342      0.296      0.108
                 all         20        227      0.318      0.328      0.304      0.115
                 all         20        227      0.394      0.248       0.29      0.104
                 all         20        227      0.284      0.357        0.3      0.117
                 all         20        227      0.273      0.359      0.304      0.112
                 all         20        227      0.274      0.369      0.299      0.118
                 all         20        227      0.265      0.362      0.295      0.106
                 all         20        227      0.384      0.274      0.316      0.124
                 all         20        227      0.278      0.372      0.313      0.122
                 all         20        227      0.308      0.289      0.288       0.11
                 all         20        227      0.366      0.286       0.31      0.121
                 all         20        227      0.349      0.259       0.29      0.108
                 all         20        227      0.272      0.377      0.309      0.123
                 all         20        227       0.33      0.281      0.304      0.117
                 all         20        227      0.273      0.403      0.318      0.126
                 all         20        227      0.284      0.379      0.299      0.118
                 all         20        227      0.327      0.295      0.291      0.106
                 all         20        227      0.336      0.303      0.295      0.108
                 all         20        227      0.335      0.293      0.283      0.103
                 all         20        227      0.356       0.32      0.313      0.121
                 all         20        227       0.34      0.303      0.289       0.11
                 all         20        227      0.329      0.305      0.289       0.11
                 all         20        227      0.339        0.3      0.295       0.11
                 all         20        227       0.33        0.3      0.294      0.108
                 all         20        227      0.333      0.308      0.302      0.112
                 all         20        227       0.28      0.379      0.309      0.115
                 all         20        227      0.333       0.33      0.315      0.112
                 all         20        227      0.358      0.328      0.329      0.121
                 all         20        227      0.334      0.303      0.283     0.0995
                 all         20        227      0.363      0.318      0.314      0.115
                 all         20        227      0.338      0.318      0.299      0.113
                 all         20        227      0.314      0.295      0.281     0.0984
                 all         20        227      0.292      0.354      0.316      0.113
                 all         20        227      0.296      0.354      0.312       0.12
                 all         20        227      0.303      0.322      0.299      0.114
                 all         20        227      0.274      0.396      0.313      0.122
                 all         20        227      0.262      0.351      0.288      0.101
                 all         20        227      0.291      0.384      0.313      0.116
                 all         20        227      0.268      0.371      0.289      0.104
Optimizer stripped from runs\train\exp_a=orig_yolo_d=full_cs_b=d_e=300\weights\last.pt, 14.4MB
Optimizer stripped from runs\train\exp_a=orig_yolo_d=full_cs_b=d_e=300\weights\best.pt, 14.4MB
                 all         20        227      0.272      0.401      0.318      0.126
           bone-loss         20        201      0.488      0.687      0.624      0.247
       dental-caries         20         26     0.0562      0.115     0.0125    0.00465
